# JRE version: Java(TM) SE Runtime Environment (9.0+181) (build 9+181)
# Java VM: Java HotSpot(TM) 64-Bit Server VM (9+181, mixed mode, tiered, compressed oops, g1 gc, windows-amd64)
Heap:
 garbage-first heap   total 196608K, used 83757K [0x0000000701a00000, 0x0000000701b00600, 0x00000007c0000000)
  region size 1024K, 71 young (72704K), 5 survivors (5120K)
 Metaspace       used 38846K, capacity 41326K, committed 41424K, reserved 1085440K
  class space    used 4944K, capacity 5374K, committed 5376K, reserved 1048576K
GC Heap History (10 events):
Event: 1.296 GC heap before
{Heap before GC invocations=0 (full 0):
 garbage-first heap   total 196608K, used 14336K [0x0000000701a00000, 0x0000000701b00600, 0x00000007c0000000)
  region size 1024K, 14 young (14336K), 0 survivors (0K)
 Metaspace       used 10351K, capacity 10772K, committed 11008K, reserved 1058816K
  class space    used 1099K, capacity 1205K, committed 1280K, reserved 1048576K
}
Event: 1.301 GC heap after
{Heap after GC invocations=1 (full 0):
 garbage-first heap   total 196608K, used 3905K [0x0000000701a00000, 0x0000000701b00600, 0x00000007c0000000)
  region size 1024K, 2 young (2048K), 2 survivors (2048K)
 Metaspace       used 10351K, capacity 10772K, committed 11008K, reserved 1058816K
  class space    used 1099K, capacity 1205K, committed 1280K, reserved 1048576K
}
Event: 2.256 GC heap before
{Heap before GC invocations=1 (full 0):
 garbage-first heap   total 196608K, used 68417K [0x0000000701a00000, 0x0000000701b00600, 0x00000007c0000000)
  region size 1024K, 66 young (67584K), 2 survivors (2048K)
 Metaspace       used 20250K, capacity 21208K, committed 21296K, reserved 1069056K
  class space    used 2458K, capacity 2670K, committed 2688K, reserved 1048576K
}
Event: 2.267 GC heap after
{Heap after GC invocations=2 (full 0):
 garbage-first heap   total 196608K, used 12663K [0x0000000701a00000, 0x0000000701b00600, 0x00000007c0000000)
  region size 1024K, 11 young (11264K), 11 survivors (11264K)
 Metaspace       used 20250K, capacity 21208K, committed 21296K, reserved 1069056K
  class space    used 2458K, capacity 2670K, committed 2688K, reserved 1048576K
}
Event: 3.084 GC heap before
{Heap before GC invocations=3 (full 0):
 garbage-first heap   total 196608K, used 65911K [0x0000000701a00000, 0x0000000701b00600, 0x00000007c0000000)
  region size 1024K, 63 young (64512K), 11 survivors (11264K)
 Metaspace       used 26433K, capacity 27734K, committed 27904K, reserved 1073152K
  class space    used 3264K, capacity 3533K, committed 3584K, reserved 1048576K
}
Event: 3.094 GC heap after
{Heap after GC invocations=4 (full 0):
 garbage-first heap   total 196608K, used 14449K [0x0000000701a00000, 0x0000000701b00600, 0x00000007c0000000)
  region size 1024K, 8 young (8192K), 8 survivors (8192K)
 Metaspace       used 26433K, capacity 27734K, committed 27904K, reserved 1073152K
  class space    used 3264K, capacity 3533K, committed 3584K, reserved 1048576K
}
Event: 3.751 GC heap before
{Heap before GC invocations=4 (full 0):
 garbage-first heap   total 196608K, used 66673K [0x0000000701a00000, 0x0000000701b00600, 0x00000007c0000000)
  region size 1024K, 59 young (60416K), 8 survivors (8192K)
 Metaspace       used 30944K, capacity 33028K, committed 33280K, reserved 1079296K
  class space    used 3929K, capacity 4334K, committed 4352K, reserved 1048576K
}
Event: 3.759 GC heap after
{Heap after GC invocations=5 (full 0):
 garbage-first heap   total 196608K, used 16051K [0x0000000701a00000, 0x0000000701b00600, 0x00000007c0000000)
  region size 1024K, 7 young (7168K), 7 survivors (7168K)
 Metaspace       used 30944K, capacity 33028K, committed 33280K, reserved 1079296K
  class space    used 3929K, capacity 4334K, committed 4352K, reserved 1048576K
}
Event: 4.153 GC heap before
{Heap before GC invocations=5 (full 0):
 garbage-first heap   total 196608K, used 50867K [0x0000000701a00000, 0x0000000701b00600, 0x00000007c0000000)
  region size 1024K, 42 young (43008K), 7 survivors (7168K)
 Metaspace       used 33684K, capacity 35828K, committed 35920K, reserved 1081344K
  class space    used 4240K, capacity 4662K, committed 4736K, reserved 1048576K
}
Event: 4.161 GC heap after
{Heap after GC invocations=6 (full 0):
 garbage-first heap   total 196608K, used 17197K [0x0000000701a00000, 0x0000000701b00600, 0x00000007c0000000)
  region size 1024K, 5 young (5120K), 5 survivors (5120K)
 Metaspace       used 33684K, capacity 35828K, committed 35920K, reserved 1081344K
  class space    used 4240K, capacity 4662K, committed 4736K, reserved 1048576K
}

